build/app/intermediates/manifest_merge_blame_file/debug/manifest-merger-blame-debug-report.txt
1<?xml version="1.0" encoding="utf-8"?>
2<manifest xmlns:android="http://schemas.android.com/apk/res/android"
3    package="com.example.netflix"
4    android:versionCode="8"
5    android:versionName="1.4.3" >
6
7    <uses-sdk
8        android:minSdkVersion="21"
9        android:targetSdkVersion="33" />
10    <!--
11         The INTERNET permission is required for development. Specifically,
12         the Flutter tool needs it to communicate with the running application
13         to allow setting breakpoints, to provide hot reload, etc.
14    -->
15    <uses-permission android:name="android.permission.INTERNET" />
15-->src\main\AndroidManifest.xml:33:5-66
15-->src\main\AndroidManifest.xml:33:22-64
16    <uses-permission android:name="android.permission.WAKE_LOCK" />
16-->[:firebase_messaging] AndroidManifest.xml:10:5-68
16-->[:firebase_messaging] AndroidManifest.xml:10:22-65
17    <uses-permission android:name="android.permission.ACCESS_NETWORK_STATE" /> <!-- Permissions options for the `notification` group -->
17-->[:firebase_messaging] AndroidManifest.xml:11:5-79
17-->[:firebase_messaging] AndroidManifest.xml:11:22-76
18    <uses-permission android:name="android.permission.POST_NOTIFICATIONS" />
18-->[:firebase_messaging] AndroidManifest.xml:13:5-77
18-->[:firebase_messaging] AndroidManifest.xml:13:22-74
19    <uses-permission android:name="android.permission.BROADCAST_CLOSE_SYSTEM_DIALOGS" />
19-->[:awesome_notifications] AndroidManifest.xml:10:5-89
19-->[:awesome_notifications] AndroidManifest.xml:10:22-86
20    <uses-permission android:name="android.permission.RECEIVE_BOOT_COMPLETED" />
20-->[:awesome_notifications] AndroidManifest.xml:11:5-81
20-->[:awesome_notifications] AndroidManifest.xml:11:22-78
21    <uses-permission android:name="android.permission.VIBRATE" />
21-->[:awesome_notifications] AndroidManifest.xml:12:5-66
21-->[:awesome_notifications] AndroidManifest.xml:12:22-63
22
23    <queries>
23-->[:flutter_inappwebview] AndroidManifest.xml:9:5-13:15
24        <intent>
24-->[:flutter_inappwebview] AndroidManifest.xml:10:9-12:18
25            <action android:name="android.support.customtabs.action.CustomTabsService" />
25-->[:flutter_inappwebview] AndroidManifest.xml:11:13-90
25-->[:flutter_inappwebview] AndroidManifest.xml:11:21-87
26        </intent>
27        <!-- Needs to be explicitly declared on Android R+ -->
28        <package android:name="com.google.android.apps.maps" />
28-->[com.google.android.gms:play-services-maps:18.1.0] AndroidManifest.xml:33:9-64
28-->[com.google.android.gms:play-services-maps:18.1.0] AndroidManifest.xml:33:18-61
29    </queries>
30
31    <uses-permission android:name="android.permission.WRITE_EXTERNAL_STORAGE" />
31-->[:video_compress] AndroidManifest.xml:9:5-81
31-->[:video_compress] AndroidManifest.xml:9:22-78
32    <uses-permission android:name="android.permission.READ_EXTERNAL_STORAGE" />
33    <uses-permission android:name="android.permission.ACCESS_COARSE_LOCATION" />
33-->[:location] AndroidManifest.xml:9:5-81
33-->[:location] AndroidManifest.xml:9:22-78
34    <uses-permission android:name="android.permission.ACCESS_FINE_LOCATION" />
34-->[:location] AndroidManifest.xml:10:5-79
34-->[:location] AndroidManifest.xml:10:22-76
35    <uses-permission
35-->[me.carda:AndroidAwnCore:0.8.0] AndroidManifest.xml:10:5-12:38
36        android:name="android.permission.BIND_NOTIFICATION_LISTENER_SERVICE"
36-->[me.carda:AndroidAwnCore:0.8.0] AndroidManifest.xml:11:9-77
37        android:maxSdkVersion="22" />
37-->[me.carda:AndroidAwnCore:0.8.0] AndroidManifest.xml:12:9-35
38
39    <uses-feature
39-->[com.google.android.gms:play-services-maps:18.1.0] AndroidManifest.xml:26:5-28:35
40        android:glEsVersion="0x00020000"
40-->[com.google.android.gms:play-services-maps:18.1.0] AndroidManifest.xml:27:9-41
41        android:required="true" /> <!-- Required by older versions of Google Play services to create IID tokens -->
41-->[com.google.android.gms:play-services-maps:18.1.0] AndroidManifest.xml:28:9-32
42    <uses-permission android:name="com.google.android.c2dm.permission.RECEIVE" />
42-->[com.google.firebase:firebase-messaging:23.2.1] AndroidManifest.xml:26:5-82
42-->[com.google.firebase:firebase-messaging:23.2.1] AndroidManifest.xml:26:22-79
43    <uses-permission android:name="com.google.android.gms.permission.AD_ID" />
43-->[com.google.android.gms:play-services-measurement-api:21.3.0] AndroidManifest.xml:25:5-79
43-->[com.google.android.gms:play-services-measurement-api:21.3.0] AndroidManifest.xml:25:22-76
44    <uses-permission android:name="com.google.android.finsky.permission.BIND_GET_INSTALL_REFERRER_SERVICE" />
44-->[com.google.android.gms:play-services-measurement:21.3.0] AndroidManifest.xml:26:5-110
44-->[com.google.android.gms:play-services-measurement:21.3.0] AndroidManifest.xml:26:22-107
45
46    <permission
46-->[androidx.core:core:1.10.1] AndroidManifest.xml:22:5-24:47
47        android:name="com.example.netflix.DYNAMIC_RECEIVER_NOT_EXPORTED_PERMISSION"
47-->[androidx.core:core:1.10.1] AndroidManifest.xml:23:9-81
48        android:protectionLevel="signature" />
48-->[androidx.core:core:1.10.1] AndroidManifest.xml:24:9-44
49
50    <uses-permission android:name="com.example.netflix.DYNAMIC_RECEIVER_NOT_EXPORTED_PERMISSION" /> <!-- for android -->
50-->[androidx.core:core:1.10.1] AndroidManifest.xml:26:5-97
50-->[androidx.core:core:1.10.1] AndroidManifest.xml:26:22-94
51    <!-- <uses-permission android:name="com.android.launcher.permission.READ_SETTINGS"/> -->
52    <!-- <uses-permission android:name="com.android.launcher.permission.WRITE_SETTINGS"/> -->
53    <!-- <uses-permission android:name="com.android.launcher.permission.INSTALL_SHORTCUT" /> -->
54    <!-- <uses-permission android:name="com.android.launcher.permission.UNINSTALL_SHORTCUT" /> -->
55    <!-- for Samsung -->
56    <uses-permission android:name="com.sec.android.provider.badge.permission.READ" />
56-->[me.leolin:ShortcutBadger:1.1.22] AndroidManifest.xml:19:5-86
56-->[me.leolin:ShortcutBadger:1.1.22] AndroidManifest.xml:19:22-83
57    <uses-permission android:name="com.sec.android.provider.badge.permission.WRITE" /> <!-- for htc -->
57-->[me.leolin:ShortcutBadger:1.1.22] AndroidManifest.xml:20:5-87
57-->[me.leolin:ShortcutBadger:1.1.22] AndroidManifest.xml:20:22-84
58    <uses-permission android:name="com.htc.launcher.permission.READ_SETTINGS" />
58-->[me.leolin:ShortcutBadger:1.1.22] AndroidManifest.xml:23:5-81
58-->[me.leolin:ShortcutBadger:1.1.22] AndroidManifest.xml:23:22-78
59    <uses-permission android:name="com.htc.launcher.permission.UPDATE_SHORTCUT" /> <!-- for sony -->
59-->[me.leolin:ShortcutBadger:1.1.22] AndroidManifest.xml:24:5-83
59-->[me.leolin:ShortcutBadger:1.1.22] AndroidManifest.xml:24:22-80
60    <uses-permission android:name="com.sonyericsson.home.permission.BROADCAST_BADGE" />
60-->[me.leolin:ShortcutBadger:1.1.22] AndroidManifest.xml:27:5-88
60-->[me.leolin:ShortcutBadger:1.1.22] AndroidManifest.xml:27:22-85
61    <uses-permission android:name="com.sonymobile.home.permission.PROVIDER_INSERT_BADGE" /> <!-- for apex -->
61-->[me.leolin:ShortcutBadger:1.1.22] AndroidManifest.xml:28:5-92
61-->[me.leolin:ShortcutBadger:1.1.22] AndroidManifest.xml:28:22-89
62    <uses-permission android:name="com.anddoes.launcher.permission.UPDATE_COUNT" /> <!-- for solid -->
62-->[me.leolin:ShortcutBadger:1.1.22] AndroidManifest.xml:31:5-84
62-->[me.leolin:ShortcutBadger:1.1.22] AndroidManifest.xml:31:22-81
63    <uses-permission android:name="com.majeur.launcher.permission.UPDATE_BADGE" /> <!-- for huawei -->
63-->[me.leolin:ShortcutBadger:1.1.22] AndroidManifest.xml:34:5-83
63-->[me.leolin:ShortcutBadger:1.1.22] AndroidManifest.xml:34:22-80
64    <uses-permission android:name="com.huawei.android.launcher.permission.CHANGE_BADGE" />
64-->[me.leolin:ShortcutBadger:1.1.22] AndroidManifest.xml:37:5-91
64-->[me.leolin:ShortcutBadger:1.1.22] AndroidManifest.xml:37:22-88
65    <uses-permission android:name="com.huawei.android.launcher.permission.READ_SETTINGS" />
65-->[me.leolin:ShortcutBadger:1.1.22] AndroidManifest.xml:38:5-92
65-->[me.leolin:ShortcutBadger:1.1.22] AndroidManifest.xml:38:22-89
66    <uses-permission android:name="com.huawei.android.launcher.permission.WRITE_SETTINGS" /> <!-- for ZUK -->
66-->[me.leolin:ShortcutBadger:1.1.22] AndroidManifest.xml:39:5-93
66-->[me.leolin:ShortcutBadger:1.1.22] AndroidManifest.xml:39:22-90
67    <uses-permission android:name="android.permission.READ_APP_BADGE" /> <!-- for OPPO -->
67-->[me.leolin:ShortcutBadger:1.1.22] AndroidManifest.xml:42:5-73
67-->[me.leolin:ShortcutBadger:1.1.22] AndroidManifest.xml:42:22-70
68    <uses-permission android:name="com.oppo.launcher.permission.READ_SETTINGS" />
68-->[me.leolin:ShortcutBadger:1.1.22] AndroidManifest.xml:45:5-82
68-->[me.leolin:ShortcutBadger:1.1.22] AndroidManifest.xml:45:22-79
69    <uses-permission android:name="com.oppo.launcher.permission.WRITE_SETTINGS" /> <!-- for EvMe -->
69-->[me.leolin:ShortcutBadger:1.1.22] AndroidManifest.xml:46:5-83
69-->[me.leolin:ShortcutBadger:1.1.22] AndroidManifest.xml:46:22-80
70    <uses-permission android:name="me.everything.badger.permission.BADGE_COUNT_READ" />
70-->[me.leolin:ShortcutBadger:1.1.22] AndroidManifest.xml:49:5-88
70-->[me.leolin:ShortcutBadger:1.1.22] AndroidManifest.xml:49:22-85
71    <uses-permission android:name="me.everything.badger.permission.BADGE_COUNT_WRITE" />
71-->[me.leolin:ShortcutBadger:1.1.22] AndroidManifest.xml:50:5-89
71-->[me.leolin:ShortcutBadger:1.1.22] AndroidManifest.xml:50:22-86
72
73    <application
74        android:name="android.app.Application"
75        android:appComponentFactory="androidx.core.app.CoreComponentFactory"
75-->[androidx.core:core:1.10.1] AndroidManifest.xml:28:18-86
76        android:debuggable="true"
77        android:icon="@mipmap/ic_launcher"
78        android:label="netflix" >
79        <activity
80            android:name="com.example.netflix.MainActivity"
81            android:configChanges="orientation|keyboardHidden|keyboard|screenSize|smallestScreenSize|locale|layoutDirection|fontScale|screenLayout|density|uiMode"
82            android:exported="true"
83            android:hardwareAccelerated="true"
84            android:launchMode="singleTop"
85            android:theme="@style/LaunchTheme"
86            android:windowSoftInputMode="adjustResize" >
87
88            <!--
89                 Specifies an Android theme to apply to this Activity as soon as
90                 the Android process has started. This theme is visible to the user
91                 while the Flutter UI initializes. After that, this theme continues
92                 to determine the Window background behind the Flutter UI.
93            -->
94            <meta-data
95                android:name="io.flutter.embedding.android.NormalTheme"
96                android:resource="@style/NormalTheme" />
97
98            <intent-filter>
99                <action android:name="android.intent.action.MAIN" />
100
101                <category android:name="android.intent.category.LAUNCHER" />
102            </intent-filter>
103        </activity>
104        <!--
105             Don't delete the meta-data below.
106             This is used by the Flutter tool to generate GeneratedPluginRegistrant.java
107        -->
108        <meta-data
109            android:name="flutterEmbedding"
110            android:value="2" />
111
112        <service
112-->[:cloud_firestore] AndroidManifest.xml:10:9-14:19
113            android:name="com.google.firebase.components.ComponentDiscoveryService"
113-->[:cloud_firestore] AndroidManifest.xml:10:18-89
114            android:directBootAware="true"
114-->[com.google.firebase:firebase-common:20.3.3] AndroidManifest.xml:34:13-43
115            android:exported="false" >
115-->[com.google.firebase:firebase-auth:22.1.2] AndroidManifest.xml:68:13-37
116            <meta-data
116-->[:cloud_firestore] AndroidManifest.xml:11:13-13:85
117                android:name="com.google.firebase.components:io.flutter.plugins.firebase.firestore.FlutterFirebaseFirestoreRegistrar"
117-->[:cloud_firestore] AndroidManifest.xml:12:17-134
118                android:value="com.google.firebase.components.ComponentRegistrar" />
118-->[:cloud_firestore] AndroidManifest.xml:13:17-82
119            <meta-data
119-->[:firebase_auth] AndroidManifest.xml:11:13-13:85
120                android:name="com.google.firebase.components:io.flutter.plugins.firebase.auth.FlutterFirebaseAuthRegistrar"
120-->[:firebase_auth] AndroidManifest.xml:12:17-124
121                android:value="com.google.firebase.components.ComponentRegistrar" />
121-->[:firebase_auth] AndroidManifest.xml:13:17-82
122            <meta-data
122-->[:firebase_messaging] AndroidManifest.xml:38:13-40:85
123                android:name="com.google.firebase.components:io.flutter.plugins.firebase.messaging.FlutterFirebaseAppRegistrar"
123-->[:firebase_messaging] AndroidManifest.xml:39:17-128
124                android:value="com.google.firebase.components.ComponentRegistrar" />
124-->[:firebase_messaging] AndroidManifest.xml:40:17-82
125            <meta-data
125-->[:firebase_core] AndroidManifest.xml:11:13-13:85
126                android:name="com.google.firebase.components:io.flutter.plugins.firebase.core.FlutterFirebaseCoreRegistrar"
126-->[:firebase_core] AndroidManifest.xml:12:17-124
127                android:value="com.google.firebase.components.ComponentRegistrar" />
127-->[:firebase_core] AndroidManifest.xml:13:17-82
128            <meta-data
128-->[com.google.firebase:firebase-auth:22.1.2] AndroidManifest.xml:69:13-71:85
129                android:name="com.google.firebase.components:com.google.firebase.auth.FirebaseAuthRegistrar"
129-->[com.google.firebase:firebase-auth:22.1.2] AndroidManifest.xml:70:17-109
130                android:value="com.google.firebase.components.ComponentRegistrar" />
130-->[com.google.firebase:firebase-auth:22.1.2] AndroidManifest.xml:71:17-82
131            <meta-data
131-->[com.google.firebase:firebase-firestore:24.8.1] AndroidManifest.xml:17:13-19:85
132                android:name="com.google.firebase.components:com.google.firebase.firestore.FirestoreRegistrar"
132-->[com.google.firebase:firebase-firestore:24.8.1] AndroidManifest.xml:18:17-111
133                android:value="com.google.firebase.components.ComponentRegistrar" />
133-->[com.google.firebase:firebase-firestore:24.8.1] AndroidManifest.xml:19:17-82
134            <meta-data
134-->[com.google.firebase:firebase-messaging:23.2.1] AndroidManifest.xml:53:13-55:85
135                android:name="com.google.firebase.components:com.google.firebase.messaging.FirebaseMessagingRegistrar"
135-->[com.google.firebase:firebase-messaging:23.2.1] AndroidManifest.xml:54:17-119
136                android:value="com.google.firebase.components.ComponentRegistrar" />
136-->[com.google.firebase:firebase-messaging:23.2.1] AndroidManifest.xml:55:17-82
137            <meta-data
137-->[com.google.android.gms:play-services-measurement-api:21.3.0] AndroidManifest.xml:31:13-33:85
138                android:name="com.google.firebase.components:com.google.firebase.analytics.connector.internal.AnalyticsConnectorRegistrar"
138-->[com.google.android.gms:play-services-measurement-api:21.3.0] AndroidManifest.xml:32:17-139
139                android:value="com.google.firebase.components.ComponentRegistrar" />
139-->[com.google.android.gms:play-services-measurement-api:21.3.0] AndroidManifest.xml:33:17-82
140            <meta-data
140-->[com.google.firebase:firebase-datatransport:18.1.7] AndroidManifest.xml:27:13-29:85
141                android:name="com.google.firebase.components:com.google.firebase.datatransport.TransportRegistrar"
141-->[com.google.firebase:firebase-datatransport:18.1.7] AndroidManifest.xml:28:17-115
142                android:value="com.google.firebase.components.ComponentRegistrar" />
142-->[com.google.firebase:firebase-datatransport:18.1.7] AndroidManifest.xml:29:17-82
143            <meta-data
143-->[com.google.firebase:firebase-iid:21.1.0] AndroidManifest.xml:32:13-34:85
144                android:name="com.google.firebase.components:com.google.firebase.iid.Registrar"
144-->[com.google.firebase:firebase-iid:21.1.0] AndroidManifest.xml:33:17-96
145                android:value="com.google.firebase.components.ComponentRegistrar" />
145-->[com.google.firebase:firebase-iid:21.1.0] AndroidManifest.xml:34:17-82
146            <meta-data
146-->[com.google.firebase:firebase-installations:17.1.4] AndroidManifest.xml:15:13-17:85
147                android:name="com.google.firebase.components:com.google.firebase.installations.FirebaseInstallationsRegistrar"
147-->[com.google.firebase:firebase-installations:17.1.4] AndroidManifest.xml:16:17-127
148                android:value="com.google.firebase.components.ComponentRegistrar" />
148-->[com.google.firebase:firebase-installations:17.1.4] AndroidManifest.xml:17:17-82
149        </service>
150        <service
150-->[:firebase_messaging] AndroidManifest.xml:16:9-19:72
151            android:name="io.flutter.plugins.firebase.messaging.FlutterFirebaseMessagingBackgroundService"
151-->[:firebase_messaging] AndroidManifest.xml:17:13-107
152            android:exported="false"
152-->[:firebase_messaging] AndroidManifest.xml:18:13-37
153            android:permission="android.permission.BIND_JOB_SERVICE" />
153-->[:firebase_messaging] AndroidManifest.xml:19:13-69
154        <service
154-->[:firebase_messaging] AndroidManifest.xml:20:9-26:19
155            android:name="io.flutter.plugins.firebase.messaging.FlutterFirebaseMessagingService"
155-->[:firebase_messaging] AndroidManifest.xml:21:13-97
156            android:exported="false" >
156-->[:firebase_messaging] AndroidManifest.xml:22:13-37
157            <intent-filter>
157-->[:firebase_messaging] AndroidManifest.xml:23:13-25:29
158                <action android:name="com.google.firebase.MESSAGING_EVENT" />
158-->[:firebase_messaging] AndroidManifest.xml:24:17-78
158-->[:firebase_messaging] AndroidManifest.xml:24:25-75
159            </intent-filter>
160        </service>
161
162        <receiver
162-->[:firebase_messaging] AndroidManifest.xml:28:9-35:20
163            android:name="io.flutter.plugins.firebase.messaging.FlutterFirebaseMessagingReceiver"
163-->[:firebase_messaging] AndroidManifest.xml:29:13-98
164            android:exported="true"
164-->[:firebase_messaging] AndroidManifest.xml:30:13-36
165            android:permission="com.google.android.c2dm.permission.SEND" >
165-->[:firebase_messaging] AndroidManifest.xml:31:13-73
166            <intent-filter>
166-->[:firebase_messaging] AndroidManifest.xml:32:13-34:29
167                <action android:name="com.google.android.c2dm.intent.RECEIVE" />
167-->[:firebase_messaging] AndroidManifest.xml:33:17-81
167-->[:firebase_messaging] AndroidManifest.xml:33:25-78
168            </intent-filter>
169        </receiver>
170
171        <provider
171-->[:firebase_messaging] AndroidManifest.xml:43:9-47:38
172            android:name="io.flutter.plugins.firebase.messaging.FlutterFirebaseMessagingInitProvider"
172-->[:firebase_messaging] AndroidManifest.xml:44:13-102
173            android:authorities="com.example.netflix.flutterfirebasemessaginginitprovider"
173-->[:firebase_messaging] AndroidManifest.xml:45:13-88
174            android:exported="false"
174-->[:firebase_messaging] AndroidManifest.xml:46:13-37
175            android:initOrder="99" />
175-->[:firebase_messaging] AndroidManifest.xml:47:13-35
176        <provider
176-->[:image_picker_android] AndroidManifest.xml:10:9-18:20
177            android:name="io.flutter.plugins.imagepicker.ImagePickerFileProvider"
177-->[:image_picker_android] AndroidManifest.xml:11:13-82
178            android:authorities="com.example.netflix.flutter.image_provider"
178-->[:image_picker_android] AndroidManifest.xml:12:13-74
179            android:exported="false"
179-->[:image_picker_android] AndroidManifest.xml:13:13-37
180            android:grantUriPermissions="true" >
180-->[:image_picker_android] AndroidManifest.xml:14:13-47
181            <meta-data
181-->[:image_picker_android] AndroidManifest.xml:15:13-17:75
182                android:name="android.support.FILE_PROVIDER_PATHS"
182-->[:image_picker_android] AndroidManifest.xml:16:17-67
183                android:resource="@xml/flutter_image_picker_file_paths" />
183-->[:image_picker_android] AndroidManifest.xml:17:17-72
184        </provider>
185
186        <receiver
186-->[:awesome_notifications] AndroidManifest.xml:15:9-17:39
187            android:name="me.carda.awesome_notifications.DartNotificationActionReceiver"
187-->[:awesome_notifications] AndroidManifest.xml:16:13-89
188            android:exported="true" />
188-->[:awesome_notifications] AndroidManifest.xml:17:13-36
189        <receiver
189-->[:awesome_notifications] AndroidManifest.xml:18:9-20:39
190            android:name="me.carda.awesome_notifications.DartDismissedNotificationReceiver"
190-->[:awesome_notifications] AndroidManifest.xml:19:13-92
191            android:exported="true" />
191-->[:awesome_notifications] AndroidManifest.xml:20:13-36
192        <receiver
192-->[:awesome_notifications] AndroidManifest.xml:21:9-23:39
193            android:name="me.carda.awesome_notifications.DartScheduledNotificationReceiver"
193-->[:awesome_notifications] AndroidManifest.xml:22:13-92
194            android:exported="true" />
194-->[:awesome_notifications] AndroidManifest.xml:23:13-36
195        <receiver
195-->[:awesome_notifications] AndroidManifest.xml:24:9-38:20
196            android:name="me.carda.awesome_notifications.DartRefreshSchedulesReceiver"
196-->[:awesome_notifications] AndroidManifest.xml:25:13-87
197            android:enabled="true"
197-->[:awesome_notifications] AndroidManifest.xml:26:13-35
198            android:exported="true" >
198-->[:awesome_notifications] AndroidManifest.xml:27:13-36
199            <intent-filter>
199-->[:awesome_notifications] AndroidManifest.xml:28:13-37:29
200                <category android:name="android.intent.category.DEFAULT" />
200-->[:awesome_notifications] AndroidManifest.xml:29:17-76
200-->[:awesome_notifications] AndroidManifest.xml:29:27-73
201
202                <action android:name="android.intent.action.BOOT_COMPLETED" />
202-->[:awesome_notifications] AndroidManifest.xml:31:17-79
202-->[:awesome_notifications] AndroidManifest.xml:31:25-76
203                <action android:name="android.intent.action.LOCKED_BOOT_COMPLETED" />
203-->[:awesome_notifications] AndroidManifest.xml:32:17-86
203-->[:awesome_notifications] AndroidManifest.xml:32:25-83
204                <action android:name="android.intent.action.MY_PACKAGE_REPLACED" />
204-->[:awesome_notifications] AndroidManifest.xml:33:17-84
204-->[:awesome_notifications] AndroidManifest.xml:33:25-81
205                <action android:name="android.intent.action.QUICKBOOT_POWERON" />
205-->[:awesome_notifications] AndroidManifest.xml:34:17-82
205-->[:awesome_notifications] AndroidManifest.xml:34:25-79
206                <action android:name="com.htc.intent.action.QUICKBOOT_POWERON" />
206-->[:awesome_notifications] AndroidManifest.xml:35:17-82
206-->[:awesome_notifications] AndroidManifest.xml:35:25-79
207                <action android:name="android.app.action.SCHEDULE_EXACT_ALARM_PERMISSION_STATE_CHANGED" />
207-->[:awesome_notifications] AndroidManifest.xml:36:17-107
207-->[:awesome_notifications] AndroidManifest.xml:36:25-104
208            </intent-filter>
209        </receiver>
210
211        <service
211-->[:awesome_notifications] AndroidManifest.xml:40:9-43:72
212            android:name="me.carda.awesome_notifications.DartBackgroundService"
212-->[:awesome_notifications] AndroidManifest.xml:41:13-80
213            android:exported="false"
213-->[:awesome_notifications] AndroidManifest.xml:42:13-37
214            android:permission="android.permission.BIND_JOB_SERVICE" />
214-->[:awesome_notifications] AndroidManifest.xml:43:13-69
215        <service
215-->[:awesome_notifications] AndroidManifest.xml:44:9-49:43
216            android:name="me.carda.awesome_notifications.core.services.ForegroundService"
216-->[:awesome_notifications] AndroidManifest.xml:45:13-90
217            android:enabled="true"
217-->[:awesome_notifications] AndroidManifest.xml:46:13-35
218            android:exported="false"
218-->[:awesome_notifications] AndroidManifest.xml:47:13-37
219            android:foregroundServiceType="phoneCall"
219-->[:awesome_notifications] AndroidManifest.xml:48:13-54
220            android:stopWithTask="true" />
220-->[:awesome_notifications] AndroidManifest.xml:49:13-40
221
222        <activity
222-->[:url_launcher_android] AndroidManifest.xml:10:9-13:74
223            android:name="io.flutter.plugins.urllauncher.WebViewActivity"
223-->[:url_launcher_android] AndroidManifest.xml:11:13-74
224            android:exported="false"
224-->[:url_launcher_android] AndroidManifest.xml:12:13-37
225            android:theme="@android:style/Theme.NoTitleBar.Fullscreen" />
225-->[:url_launcher_android] AndroidManifest.xml:13:13-71
226        <activity
226-->[:flutter_inappwebview] AndroidManifest.xml:16:9-20:47
227            android:name="com.pichillilorenzo.flutter_inappwebview.in_app_browser.InAppBrowserActivity"
227-->[:flutter_inappwebview] AndroidManifest.xml:17:13-104
228            android:configChanges="orientation|keyboardHidden|keyboard|screenSize|locale|layoutDirection|fontScale|screenLayout|density"
228-->[:flutter_inappwebview] AndroidManifest.xml:18:13-137
229            android:exported="false"
229-->[:flutter_inappwebview] AndroidManifest.xml:19:13-37
230            android:theme="@style/AppTheme" />
230-->[:flutter_inappwebview] AndroidManifest.xml:20:13-44
231        <activity
231-->[:flutter_inappwebview] AndroidManifest.xml:21:9-24:55
232            android:name="com.pichillilorenzo.flutter_inappwebview.chrome_custom_tabs.ChromeCustomTabsActivity"
232-->[:flutter_inappwebview] AndroidManifest.xml:22:13-112
233            android:exported="false"
233-->[:flutter_inappwebview] AndroidManifest.xml:23:13-37
234            android:theme="@style/ThemeTransparent" />
234-->[:flutter_inappwebview] AndroidManifest.xml:24:13-52
235        <activity
235-->[:flutter_inappwebview] AndroidManifest.xml:25:9-28:55
236            android:name="com.pichillilorenzo.flutter_inappwebview.chrome_custom_tabs.TrustedWebActivity"
236-->[:flutter_inappwebview] AndroidManifest.xml:26:13-106
237            android:exported="false"
237-->[:flutter_inappwebview] AndroidManifest.xml:27:13-37
238            android:theme="@style/ThemeTransparent" />
238-->[:flutter_inappwebview] AndroidManifest.xml:28:13-52
239        <activity
239-->[:flutter_inappwebview] AndroidManifest.xml:29:9-33:55
240            android:name="com.pichillilorenzo.flutter_inappwebview.chrome_custom_tabs.ChromeCustomTabsActivitySingleInstance"
240-->[:flutter_inappwebview] AndroidManifest.xml:30:13-126
241            android:exported="false"
241-->[:flutter_inappwebview] AndroidManifest.xml:31:13-37
242            android:launchMode="singleInstance"
242-->[:flutter_inappwebview] AndroidManifest.xml:32:13-48
243            android:theme="@style/ThemeTransparent" />
243-->[:flutter_inappwebview] AndroidManifest.xml:33:13-52
244        <activity
244-->[:flutter_inappwebview] AndroidManifest.xml:34:9-38:55
245            android:name="com.pichillilorenzo.flutter_inappwebview.chrome_custom_tabs.TrustedWebActivitySingleInstance"
245-->[:flutter_inappwebview] AndroidManifest.xml:35:13-120
246            android:exported="false"
246-->[:flutter_inappwebview] AndroidManifest.xml:36:13-37
247            android:launchMode="singleInstance"
247-->[:flutter_inappwebview] AndroidManifest.xml:37:13-48
248            android:theme="@style/ThemeTransparent" />
248-->[:flutter_inappwebview] AndroidManifest.xml:38:13-52
249
250        <receiver
250-->[:flutter_inappwebview] AndroidManifest.xml:40:9-43:40
251            android:name="com.pichillilorenzo.flutter_inappwebview.chrome_custom_tabs.ActionBroadcastReceiver"
251-->[:flutter_inappwebview] AndroidManifest.xml:41:13-111
252            android:enabled="true"
252-->[:flutter_inappwebview] AndroidManifest.xml:42:13-35
253            android:exported="false" />
253-->[:flutter_inappwebview] AndroidManifest.xml:43:13-37
254
255        <meta-data
255-->[:flutter_inappwebview] AndroidManifest.xml:45:9-47:36
256            android:name="io.flutter.embedded_views_preview"
256-->[:flutter_inappwebview] AndroidManifest.xml:46:13-61
257            android:value="true" />
257-->[:flutter_inappwebview] AndroidManifest.xml:47:13-33
258
259        <service
259-->[:location] AndroidManifest.xml:13:9-17:56
260            android:name="com.lyokone.location.FlutterLocationService"
260-->[:location] AndroidManifest.xml:14:13-71
261            android:enabled="true"
261-->[:location] AndroidManifest.xml:15:13-35
262            android:exported="false"
262-->[:location] AndroidManifest.xml:16:13-37
263            android:foregroundServiceType="location" />
263-->[:location] AndroidManifest.xml:17:13-53
264        <service
264-->[me.carda:AndroidAwnCore:0.8.0] AndroidManifest.xml:21:9-28:19
265            android:name="me.carda.awesome_notifications.core.managers.StatusBarManager"
265-->[me.carda:AndroidAwnCore:0.8.0] AndroidManifest.xml:22:13-89
266            android:exported="true"
266-->[me.carda:AndroidAwnCore:0.8.0] AndroidManifest.xml:23:13-36
267            android:label="My Notification Listener Service" >
267-->[me.carda:AndroidAwnCore:0.8.0] AndroidManifest.xml:24:13-61
268            <intent-filter>
268-->[me.carda:AndroidAwnCore:0.8.0] AndroidManifest.xml:25:13-27:29
269                <action android:name="android.service.notification.NotificationListenerService" />
269-->[me.carda:AndroidAwnCore:0.8.0] AndroidManifest.xml:26:17-99
269-->[me.carda:AndroidAwnCore:0.8.0] AndroidManifest.xml:26:25-96